running egg_info
creating ../../../build/control/control.egg-info
writing ../../../build/control/control.egg-info/PKG-INFO
writing dependency_links to ../../../build/control/control.egg-info/dependency_links.txt
writing entry points to ../../../build/control/control.egg-info/entry_points.txt
writing requirements to ../../../build/control/control.egg-info/requires.txt
writing top-level names to ../../../build/control/control.egg-info/top_level.txt
writing manifest file '../../../build/control/control.egg-info/SOURCES.txt'
reading manifest file '../../../build/control/control.egg-info/SOURCES.txt'
writing manifest file '../../../build/control/control.egg-info/SOURCES.txt'
running build
running build_py
creating /home/ziad/Zpicier/build/control/build
creating /home/ziad/Zpicier/build/control/build/lib
creating /home/ziad/Zpicier/build/control/build/lib/core
copying core/Dispatcher.py -> /home/ziad/Zpicier/build/control/build/lib/core
copying core/__init__.py -> /home/ziad/Zpicier/build/control/build/lib/core
creating /home/ziad/Zpicier/build/control/build/lib/simulation_services
copying simulation_services/SimIMU.py -> /home/ziad/Zpicier/build/control/build/lib/simulation_services
copying simulation_services/__init__.py -> /home/ziad/Zpicier/build/control/build/lib/simulation_services
copying simulation_services/SIMDepth.py -> /home/ziad/Zpicier/build/control/build/lib/simulation_services
creating /home/ziad/Zpicier/build/control/build/lib/services
copying services/Depth.py -> /home/ziad/Zpicier/build/control/build/lib/services
copying services/IMU.py -> /home/ziad/Zpicier/build/control/build/lib/services
copying services/__init__.py -> /home/ziad/Zpicier/build/control/build/lib/services
creating /home/ziad/Zpicier/build/control/build/lib/nodes
copying nodes/GUIStreamingNode.py -> /home/ziad/Zpicier/build/control/build/lib/nodes
copying nodes/ DepthNode.py -> /home/ziad/Zpicier/build/control/build/lib/nodes
copying nodes/__init__.py -> /home/ziad/Zpicier/build/control/build/lib/nodes
copying nodes/IMUNode.py -> /home/ziad/Zpicier/build/control/build/lib/nodes
copying nodes/JoystickNode.py -> /home/ziad/Zpicier/build/control/build/lib/nodes
creating /home/ziad/Zpicier/build/control/build/lib/interfaces
copying interfaces/IBNO085.py -> /home/ziad/Zpicier/build/control/build/lib/interfaces
copying interfaces/__init__.py -> /home/ziad/Zpicier/build/control/build/lib/interfaces
copying interfaces/IDepthSensor.py -> /home/ziad/Zpicier/build/control/build/lib/interfaces
creating /home/ziad/Zpicier/build/control/build/lib/data_contracts
copying data_contracts/depth_pb2_grpc.py -> /home/ziad/Zpicier/build/control/build/lib/data_contracts
copying data_contracts/depth_pb2.py -> /home/ziad/Zpicier/build/control/build/lib/data_contracts
copying data_contracts/imu_pb2_grpc.py -> /home/ziad/Zpicier/build/control/build/lib/data_contracts
copying data_contracts/__init__.py -> /home/ziad/Zpicier/build/control/build/lib/data_contracts
copying data_contracts/joy_pb2.py -> /home/ziad/Zpicier/build/control/build/lib/data_contracts
copying data_contracts/imu_pb2.py -> /home/ziad/Zpicier/build/control/build/lib/data_contracts
copying data_contracts/joy_pb2_grpc.py -> /home/ziad/Zpicier/build/control/build/lib/data_contracts
running install
running install_lib
creating /home/ziad/Zpicier/install/control/lib/python3.10/site-packages/core
copying /home/ziad/Zpicier/build/control/build/lib/core/Dispatcher.py -> /home/ziad/Zpicier/install/control/lib/python3.10/site-packages/core
copying /home/ziad/Zpicier/build/control/build/lib/core/__init__.py -> /home/ziad/Zpicier/install/control/lib/python3.10/site-packages/core
creating /home/ziad/Zpicier/install/control/lib/python3.10/site-packages/simulation_services
copying /home/ziad/Zpicier/build/control/build/lib/simulation_services/SimIMU.py -> /home/ziad/Zpicier/install/control/lib/python3.10/site-packages/simulation_services
copying /home/ziad/Zpicier/build/control/build/lib/simulation_services/__init__.py -> /home/ziad/Zpicier/install/control/lib/python3.10/site-packages/simulation_services
copying /home/ziad/Zpicier/build/control/build/lib/simulation_services/SIMDepth.py -> /home/ziad/Zpicier/install/control/lib/python3.10/site-packages/simulation_services
creating /home/ziad/Zpicier/install/control/lib/python3.10/site-packages/services
copying /home/ziad/Zpicier/build/control/build/lib/services/Depth.py -> /home/ziad/Zpicier/install/control/lib/python3.10/site-packages/services
copying /home/ziad/Zpicier/build/control/build/lib/services/IMU.py -> /home/ziad/Zpicier/install/control/lib/python3.10/site-packages/services
copying /home/ziad/Zpicier/build/control/build/lib/services/__init__.py -> /home/ziad/Zpicier/install/control/lib/python3.10/site-packages/services
creating /home/ziad/Zpicier/install/control/lib/python3.10/site-packages/nodes
copying /home/ziad/Zpicier/build/control/build/lib/nodes/GUIStreamingNode.py -> /home/ziad/Zpicier/install/control/lib/python3.10/site-packages/nodes
copying /home/ziad/Zpicier/build/control/build/lib/nodes/ DepthNode.py -> /home/ziad/Zpicier/install/control/lib/python3.10/site-packages/nodes
copying /home/ziad/Zpicier/build/control/build/lib/nodes/__init__.py -> /home/ziad/Zpicier/install/control/lib/python3.10/site-packages/nodes
copying /home/ziad/Zpicier/build/control/build/lib/nodes/IMUNode.py -> /home/ziad/Zpicier/install/control/lib/python3.10/site-packages/nodes
copying /home/ziad/Zpicier/build/control/build/lib/nodes/JoystickNode.py -> /home/ziad/Zpicier/install/control/lib/python3.10/site-packages/nodes
creating /home/ziad/Zpicier/install/control/lib/python3.10/site-packages/interfaces
copying /home/ziad/Zpicier/build/control/build/lib/interfaces/IBNO085.py -> /home/ziad/Zpicier/install/control/lib/python3.10/site-packages/interfaces
copying /home/ziad/Zpicier/build/control/build/lib/interfaces/__init__.py -> /home/ziad/Zpicier/install/control/lib/python3.10/site-packages/interfaces
copying /home/ziad/Zpicier/build/control/build/lib/interfaces/IDepthSensor.py -> /home/ziad/Zpicier/install/control/lib/python3.10/site-packages/interfaces
creating /home/ziad/Zpicier/install/control/lib/python3.10/site-packages/data_contracts
copying /home/ziad/Zpicier/build/control/build/lib/data_contracts/depth_pb2_grpc.py -> /home/ziad/Zpicier/install/control/lib/python3.10/site-packages/data_contracts
copying /home/ziad/Zpicier/build/control/build/lib/data_contracts/depth_pb2.py -> /home/ziad/Zpicier/install/control/lib/python3.10/site-packages/data_contracts
copying /home/ziad/Zpicier/build/control/build/lib/data_contracts/imu_pb2_grpc.py -> /home/ziad/Zpicier/install/control/lib/python3.10/site-packages/data_contracts
copying /home/ziad/Zpicier/build/control/build/lib/data_contracts/__init__.py -> /home/ziad/Zpicier/install/control/lib/python3.10/site-packages/data_contracts
copying /home/ziad/Zpicier/build/control/build/lib/data_contracts/joy_pb2.py -> /home/ziad/Zpicier/install/control/lib/python3.10/site-packages/data_contracts
copying /home/ziad/Zpicier/build/control/build/lib/data_contracts/imu_pb2.py -> /home/ziad/Zpicier/install/control/lib/python3.10/site-packages/data_contracts
copying /home/ziad/Zpicier/build/control/build/lib/data_contracts/joy_pb2_grpc.py -> /home/ziad/Zpicier/install/control/lib/python3.10/site-packages/data_contracts
byte-compiling /home/ziad/Zpicier/install/control/lib/python3.10/site-packages/core/Dispatcher.py to Dispatcher.cpython-310.pyc
byte-compiling /home/ziad/Zpicier/install/control/lib/python3.10/site-packages/core/__init__.py to __init__.cpython-310.pyc
byte-compiling /home/ziad/Zpicier/install/control/lib/python3.10/site-packages/simulation_services/SimIMU.py to SimIMU.cpython-310.pyc
byte-compiling /home/ziad/Zpicier/install/control/lib/python3.10/site-packages/simulation_services/__init__.py to __init__.cpython-310.pyc
byte-compiling /home/ziad/Zpicier/install/control/lib/python3.10/site-packages/simulation_services/SIMDepth.py to SIMDepth.cpython-310.pyc
byte-compiling /home/ziad/Zpicier/install/control/lib/python3.10/site-packages/services/Depth.py to Depth.cpython-310.pyc
byte-compiling /home/ziad/Zpicier/install/control/lib/python3.10/site-packages/services/IMU.py to IMU.cpython-310.pyc
byte-compiling /home/ziad/Zpicier/install/control/lib/python3.10/site-packages/services/__init__.py to __init__.cpython-310.pyc
byte-compiling /home/ziad/Zpicier/install/control/lib/python3.10/site-packages/nodes/GUIStreamingNode.py to GUIStreamingNode.cpython-310.pyc
byte-compiling /home/ziad/Zpicier/install/control/lib/python3.10/site-packages/nodes/ DepthNode.py to  DepthNode.cpython-310.pyc
byte-compiling /home/ziad/Zpicier/install/control/lib/python3.10/site-packages/nodes/__init__.py to __init__.cpython-310.pyc
byte-compiling /home/ziad/Zpicier/install/control/lib/python3.10/site-packages/nodes/IMUNode.py to IMUNode.cpython-310.pyc
byte-compiling /home/ziad/Zpicier/install/control/lib/python3.10/site-packages/nodes/JoystickNode.py to JoystickNode.cpython-310.pyc
byte-compiling /home/ziad/Zpicier/install/control/lib/python3.10/site-packages/interfaces/IBNO085.py to IBNO085.cpython-310.pyc
byte-compiling /home/ziad/Zpicier/install/control/lib/python3.10/site-packages/interfaces/__init__.py to __init__.cpython-310.pyc
byte-compiling /home/ziad/Zpicier/install/control/lib/python3.10/site-packages/interfaces/IDepthSensor.py to IDepthSensor.cpython-310.pyc
byte-compiling /home/ziad/Zpicier/install/control/lib/python3.10/site-packages/data_contracts/depth_pb2_grpc.py to depth_pb2_grpc.cpython-310.pyc
byte-compiling /home/ziad/Zpicier/install/control/lib/python3.10/site-packages/data_contracts/depth_pb2.py to depth_pb2.cpython-310.pyc
byte-compiling /home/ziad/Zpicier/install/control/lib/python3.10/site-packages/data_contracts/imu_pb2_grpc.py to imu_pb2_grpc.cpython-310.pyc
byte-compiling /home/ziad/Zpicier/install/control/lib/python3.10/site-packages/data_contracts/__init__.py to __init__.cpython-310.pyc
byte-compiling /home/ziad/Zpicier/install/control/lib/python3.10/site-packages/data_contracts/joy_pb2.py to joy_pb2.cpython-310.pyc
byte-compiling /home/ziad/Zpicier/install/control/lib/python3.10/site-packages/data_contracts/imu_pb2.py to imu_pb2.cpython-310.pyc
byte-compiling /home/ziad/Zpicier/install/control/lib/python3.10/site-packages/data_contracts/joy_pb2_grpc.py to joy_pb2_grpc.cpython-310.pyc
running install_data
creating /home/ziad/Zpicier/install/control/share/ament_index
creating /home/ziad/Zpicier/install/control/share/ament_index/resource_index
creating /home/ziad/Zpicier/install/control/share/ament_index/resource_index/packages
copying resource/control -> /home/ziad/Zpicier/install/control/share/ament_index/resource_index/packages
copying package.xml -> /home/ziad/Zpicier/install/control/share/control
creating /home/ziad/Zpicier/install/control/share/control/launch
copying launch/run.py -> /home/ziad/Zpicier/install/control/share/control/launch
running install_egg_info
Copying ../../../build/control/control.egg-info to /home/ziad/Zpicier/install/control/lib/python3.10/site-packages/control-0.0.0-py3.10.egg-info
running install_scripts
Installing depth_node script to /home/ziad/Zpicier/install/control/lib/control
Installing gui_streamer script to /home/ziad/Zpicier/install/control/lib/control
Installing imu_node script to /home/ziad/Zpicier/install/control/lib/control
Installing joystick_channel_node script to /home/ziad/Zpicier/install/control/lib/control
writing list of installed files to '/home/ziad/Zpicier/build/control/install.log'
