-- The C compiler identification is GNU 11.4.0
-- The CXX compiler identification is GNU 11.4.0
-- Detecting C compiler ABI info
-- Detecting C compiler ABI info - done
-- Check for working C compiler: /usr/bin/cc - skipped
-- Detecting C compile features
-- Detecting C compile features - done
-- Detecting CXX compiler ABI info
-- Detecting CXX compiler ABI info - done
-- Check for working CXX compiler: /usr/bin/c++ - skipped
-- Detecting CXX compile features
-- Detecting CXX compile features - done
-- Found ament_cmake: 1.3.11 (/opt/ros/humble/share/ament_cmake/cmake)
-- Found Python3: /usr/bin/python3 (found version "3.10.12") found components: Interpreter 
-- Found rosidl_default_generators: 1.2.0 (/opt/ros/humble/share/rosidl_default_generators/cmake)
-- Using all available rosidl_typesupport_c: rosidl_typesupport_fastrtps_c;rosidl_typesupport_introspection_c
-- Found rosidl_adapter: 3.1.6 (/opt/ros/humble/share/rosidl_adapter/cmake)
-- Using all available rosidl_typesupport_cpp: rosidl_typesupport_fastrtps_cpp;rosidl_typesupport_introspection_cpp
-- Found ament_cmake_ros: 0.10.0 (/opt/ros/humble/share/ament_cmake_ros/cmake)
-- Using all available rosidl_typesupport_c: rosidl_typesupport_fastrtps_c;rosidl_typesupport_introspection_c
-- Using all available rosidl_typesupport_cpp: rosidl_typesupport_fastrtps_cpp;rosidl_typesupport_introspection_cpp
-- Found PythonInterp: /usr/bin/python3 (found suitable version "3.10.12", minimum required is "3.6") 
-- Found python_cmake_module: 0.10.0 (/opt/ros/humble/share/python_cmake_module/cmake)
-- Found PythonLibs: /usr/lib/x86_64-linux-gnu/libpython3.10.so (found suitable version "3.10.12", minimum required is "3.5") 
-- Using PYTHON_EXECUTABLE: /usr/bin/python3
-- Using PYTHON_INCLUDE_DIRS: /usr/include/python3.10
-- Using PYTHON_LIBRARIES: /usr/lib/x86_64-linux-gnu/libpython3.10.so
-- Found PythonExtra: .so  
-- Found ament_lint_auto: 0.12.12 (/opt/ros/humble/share/ament_lint_auto/cmake)
-- Added test 'lint_cmake' to check CMake code style
-- Added test 'xmllint' to check XML markup files
-- Configuring done
-- Generating done
-- Build files have been written to: /home/ziad/Zpicier/build/msgs
[  3%] [34m[1mGenerating C code for ROS interfaces[0m
[  6%] [34m[1mGenerating C++ code for ROS interfaces[0m
[  6%] Built target ament_cmake_python_copy_msgs
running egg_info
creating msgs.egg-info
writing msgs.egg-info/PKG-INFO
writing dependency_links to msgs.egg-info/dependency_links.txt
writing top-level names to msgs.egg-info/top_level.txt
writing manifest file 'msgs.egg-info/SOURCES.txt'
reading manifest file 'msgs.egg-info/SOURCES.txt'
writing manifest file 'msgs.egg-info/SOURCES.txt'
[  6%] Built target msgs__cpp
[  9%] [32mBuilding C object CMakeFiles/msgs__rosidl_generator_c.dir/rosidl_generator_c/msgs/msg/detail/joystick__functions.c.o[0m
[  6%] Built target ament_cmake_python_build_msgs_egg
[ 12%] [34m[1mGenerating C++ type support dispatch for ROS interfaces[0m
[ 16%] [34m[1mGenerating C++ type support for eProsima Fast-RTPS[0m
[ 19%] [34m[1mGenerating C++ introspection for ROS interfaces[0m
[ 22%] [32m[1mLinking C shared library libmsgs__rosidl_generator_c.so[0m
[ 25%] [32mBuilding CXX object CMakeFiles/msgs__rosidl_typesupport_cpp.dir/rosidl_typesupport_cpp/msgs/msg/joystick__type_support.cpp.o[0m
[ 29%] [32mBuilding CXX object CMakeFiles/msgs__rosidl_typesupport_introspection_cpp.dir/rosidl_typesupport_introspection_cpp/msgs/msg/detail/joystick__type_support.cpp.o[0m
[ 32%] [32mBuilding CXX object CMakeFiles/msgs__rosidl_typesupport_fastrtps_cpp.dir/rosidl_typesupport_fastrtps_cpp/msgs/msg/detail/dds_fastrtps/joystick__type_support.cpp.o[0m
[ 32%] Built target msgs__rosidl_generator_c
[ 35%] [34m[1mGenerating C introspection for ROS interfaces[0m
[ 38%] [34m[1mGenerating C type support for eProsima Fast-RTPS[0m
[ 41%] [34m[1mGenerating C type support dispatch for ROS interfaces[0m
[ 45%] [32m[1mLinking CXX shared library libmsgs__rosidl_typesupport_cpp.so[0m
[ 48%] [32mBuilding CXX object CMakeFiles/msgs__rosidl_typesupport_c.dir/rosidl_typesupport_c/msgs/msg/joystick__type_support.cpp.o[0m
[ 51%] [32mBuilding CXX object CMakeFiles/msgs__rosidl_typesupport_fastrtps_c.dir/rosidl_typesupport_fastrtps_c/msgs/msg/detail/joystick__type_support_c.cpp.o[0m
[ 54%] [32m[1mLinking CXX shared library libmsgs__rosidl_typesupport_c.so[0m
[ 58%] [32mBuilding C object CMakeFiles/msgs__rosidl_typesupport_introspection_c.dir/rosidl_typesupport_introspection_c/msgs/msg/detail/joystick__type_support.c.o[0m
[ 61%] [32m[1mLinking C shared library libmsgs__rosidl_typesupport_introspection_c.so[0m
[ 64%] [32m[1mLinking CXX shared library libmsgs__rosidl_typesupport_fastrtps_cpp.so[0m
[ 67%] [32m[1mLinking CXX shared library libmsgs__rosidl_typesupport_introspection_cpp.so[0m
[ 67%] Built target msgs__rosidl_typesupport_cpp
[ 67%] Built target msgs__rosidl_typesupport_c
[ 67%] Built target msgs__rosidl_typesupport_introspection_c
[ 70%] [32m[1mLinking CXX shared library libmsgs__rosidl_typesupport_fastrtps_c.so[0m
[ 70%] Built target msgs__rosidl_typesupport_fastrtps_cpp
[ 70%] Built target msgs__rosidl_typesupport_introspection_cpp
[ 70%] Built target msgs__rosidl_typesupport_fastrtps_c
[ 70%] Built target msgs
[ 74%] [34m[1mGenerating Python code for ROS interfaces[0m
[ 74%] Built target msgs__py
[ 77%] [32mBuilding C object CMakeFiles/msgs__rosidl_generator_py.dir/rosidl_generator_py/msgs/msg/_joystick_s.c.o[0m
[ 80%] [32m[1mLinking C shared library rosidl_generator_py/msgs/libmsgs__rosidl_generator_py.so[0m
[ 80%] Built target msgs__rosidl_generator_py
[ 90%] [32mBuilding C object CMakeFiles/msgs__rosidl_typesupport_c__pyext.dir/rosidl_generator_py/msgs/_msgs_s.ep.rosidl_typesupport_c.c.o[0m
[ 90%] [32mBuilding C object CMakeFiles/msgs__rosidl_typesupport_introspection_c__pyext.dir/rosidl_generator_py/msgs/_msgs_s.ep.rosidl_typesupport_introspection_c.c.o[0m
[ 90%] [32mBuilding C object CMakeFiles/msgs__rosidl_typesupport_fastrtps_c__pyext.dir/rosidl_generator_py/msgs/_msgs_s.ep.rosidl_typesupport_fastrtps_c.c.o[0m
[ 93%] [32m[1mLinking C shared library rosidl_generator_py/msgs/msgs_s__rosidl_typesupport_c.cpython-310-x86_64-linux-gnu.so[0m
[ 96%] [32m[1mLinking C shared library rosidl_generator_py/msgs/msgs_s__rosidl_typesupport_introspection_c.cpython-310-x86_64-linux-gnu.so[0m
[100%] [32m[1mLinking C shared library rosidl_generator_py/msgs/msgs_s__rosidl_typesupport_fastrtps_c.cpython-310-x86_64-linux-gnu.so[0m
[100%] Built target msgs__rosidl_typesupport_introspection_c__pyext
[100%] Built target msgs__rosidl_typesupport_c__pyext
[100%] Built target msgs__rosidl_typesupport_fastrtps_c__pyext
-- Install configuration: ""
-- Installing: /home/ziad/Zpicier/install/msgs/share/ament_index/resource_index/rosidl_interfaces/msgs
-- Installing: /home/ziad/Zpicier/install/msgs/include/msgs/msgs
-- Installing: /home/ziad/Zpicier/install/msgs/include/msgs/msgs/msg
-- Installing: /home/ziad/Zpicier/install/msgs/include/msgs/msgs/msg/joystick.h
-- Installing: /home/ziad/Zpicier/install/msgs/include/msgs/msgs/msg/rosidl_generator_c__visibility_control.h
-- Installing: /home/ziad/Zpicier/install/msgs/include/msgs/msgs/msg/detail
-- Installing: /home/ziad/Zpicier/install/msgs/include/msgs/msgs/msg/detail/joystick__type_support.h
-- Installing: /home/ziad/Zpicier/install/msgs/include/msgs/msgs/msg/detail/joystick__struct.h
-- Installing: /home/ziad/Zpicier/install/msgs/include/msgs/msgs/msg/detail/joystick__functions.h
-- Installing: /home/ziad/Zpicier/install/msgs/include/msgs/msgs/msg/detail/joystick__functions.c
-- Installing: /home/ziad/Zpicier/install/msgs/share/msgs/environment/library_path.sh
-- Installing: /home/ziad/Zpicier/install/msgs/share/msgs/environment/library_path.dsv
-- Installing: /home/ziad/Zpicier/install/msgs/lib/libmsgs__rosidl_generator_c.so
-- Set runtime path of "/home/ziad/Zpicier/install/msgs/lib/libmsgs__rosidl_generator_c.so" to ""
-- Up-to-date: /home/ziad/Zpicier/install/msgs/include/msgs/msgs
-- Up-to-date: /home/ziad/Zpicier/install/msgs/include/msgs/msgs/msg
-- Installing: /home/ziad/Zpicier/install/msgs/include/msgs/msgs/msg/rosidl_typesupport_fastrtps_c__visibility_control.h
-- Up-to-date: /home/ziad/Zpicier/install/msgs/include/msgs/msgs/msg/detail
-- Installing: /home/ziad/Zpicier/install/msgs/include/msgs/msgs/msg/detail/joystick__rosidl_typesupport_fastrtps_c.h
-- Installing: /home/ziad/Zpicier/install/msgs/lib/libmsgs__rosidl_typesupport_fastrtps_c.so
-- Set runtime path of "/home/ziad/Zpicier/install/msgs/lib/libmsgs__rosidl_typesupport_fastrtps_c.so" to ""
-- Up-to-date: /home/ziad/Zpicier/install/msgs/include/msgs/msgs
-- Up-to-date: /home/ziad/Zpicier/install/msgs/include/msgs/msgs/msg
-- Up-to-date: /home/ziad/Zpicier/install/msgs/include/msgs/msgs/msg/detail
-- Installing: /home/ziad/Zpicier/install/msgs/include/msgs/msgs/msg/detail/joystick__type_support.c
-- Installing: /home/ziad/Zpicier/install/msgs/include/msgs/msgs/msg/detail/joystick__rosidl_typesupport_introspection_c.h
-- Installing: /home/ziad/Zpicier/install/msgs/include/msgs/msgs/msg/rosidl_typesupport_introspection_c__visibility_control.h
-- Installing: /home/ziad/Zpicier/install/msgs/lib/libmsgs__rosidl_typesupport_introspection_c.so
-- Set runtime path of "/home/ziad/Zpicier/install/msgs/lib/libmsgs__rosidl_typesupport_introspection_c.so" to ""
-- Installing: /home/ziad/Zpicier/install/msgs/lib/libmsgs__rosidl_typesupport_c.so
-- Set runtime path of "/home/ziad/Zpicier/install/msgs/lib/libmsgs__rosidl_typesupport_c.so" to ""
-- Up-to-date: /home/ziad/Zpicier/install/msgs/include/msgs/msgs
-- Up-to-date: /home/ziad/Zpicier/install/msgs/include/msgs/msgs/msg
-- Installing: /home/ziad/Zpicier/install/msgs/include/msgs/msgs/msg/rosidl_generator_cpp__visibility_control.hpp
-- Installing: /home/ziad/Zpicier/install/msgs/include/msgs/msgs/msg/joystick.hpp
-- Up-to-date: /home/ziad/Zpicier/install/msgs/include/msgs/msgs/msg/detail
-- Installing: /home/ziad/Zpicier/install/msgs/include/msgs/msgs/msg/detail/joystick__builder.hpp
-- Installing: /home/ziad/Zpicier/install/msgs/include/msgs/msgs/msg/detail/joystick__struct.hpp
-- Installing: /home/ziad/Zpicier/install/msgs/include/msgs/msgs/msg/detail/joystick__traits.hpp
-- Installing: /home/ziad/Zpicier/install/msgs/include/msgs/msgs/msg/detail/joystick__type_support.hpp
-- Up-to-date: /home/ziad/Zpicier/install/msgs/include/msgs/msgs
-- Up-to-date: /home/ziad/Zpicier/install/msgs/include/msgs/msgs/msg
-- Installing: /home/ziad/Zpicier/install/msgs/include/msgs/msgs/msg/rosidl_typesupport_fastrtps_cpp__visibility_control.h
-- Up-to-date: /home/ziad/Zpicier/install/msgs/include/msgs/msgs/msg/detail
-- Installing: /home/ziad/Zpicier/install/msgs/include/msgs/msgs/msg/detail/joystick__rosidl_typesupport_fastrtps_cpp.hpp
-- Installing: /home/ziad/Zpicier/install/msgs/include/msgs/msgs/msg/detail/dds_fastrtps
-- Installing: /home/ziad/Zpicier/install/msgs/lib/libmsgs__rosidl_typesupport_fastrtps_cpp.so
-- Set runtime path of "/home/ziad/Zpicier/install/msgs/lib/libmsgs__rosidl_typesupport_fastrtps_cpp.so" to ""
-- Up-to-date: /home/ziad/Zpicier/install/msgs/include/msgs/msgs
-- Up-to-date: /home/ziad/Zpicier/install/msgs/include/msgs/msgs/msg
-- Up-to-date: /home/ziad/Zpicier/install/msgs/include/msgs/msgs/msg/detail
-- Installing: /home/ziad/Zpicier/install/msgs/include/msgs/msgs/msg/detail/joystick__type_support.cpp
-- Installing: /home/ziad/Zpicier/install/msgs/include/msgs/msgs/msg/detail/joystick__rosidl_typesupport_introspection_cpp.hpp
-- Installing: /home/ziad/Zpicier/install/msgs/lib/libmsgs__rosidl_typesupport_introspection_cpp.so
-- Set runtime path of "/home/ziad/Zpicier/install/msgs/lib/libmsgs__rosidl_typesupport_introspection_cpp.so" to ""
-- Installing: /home/ziad/Zpicier/install/msgs/lib/libmsgs__rosidl_typesupport_cpp.so
-- Set runtime path of "/home/ziad/Zpicier/install/msgs/lib/libmsgs__rosidl_typesupport_cpp.so" to ""
-- Installing: /home/ziad/Zpicier/install/msgs/share/msgs/environment/pythonpath.sh
-- Installing: /home/ziad/Zpicier/install/msgs/share/msgs/environment/pythonpath.dsv
-- Installing: /home/ziad/Zpicier/install/msgs/local/lib/python3.10/dist-packages/msgs-0.0.0-py3.10.egg-info
-- Installing: /home/ziad/Zpicier/install/msgs/local/lib/python3.10/dist-packages/msgs-0.0.0-py3.10.egg-info/PKG-INFO
-- Installing: /home/ziad/Zpicier/install/msgs/local/lib/python3.10/dist-packages/msgs-0.0.0-py3.10.egg-info/SOURCES.txt
-- Installing: /home/ziad/Zpicier/install/msgs/local/lib/python3.10/dist-packages/msgs-0.0.0-py3.10.egg-info/top_level.txt
-- Installing: /home/ziad/Zpicier/install/msgs/local/lib/python3.10/dist-packages/msgs-0.0.0-py3.10.egg-info/dependency_links.txt
-- Installing: /home/ziad/Zpicier/install/msgs/local/lib/python3.10/dist-packages/msgs
-- Installing: /home/ziad/Zpicier/install/msgs/local/lib/python3.10/dist-packages/msgs/msg
-- Installing: /home/ziad/Zpicier/install/msgs/local/lib/python3.10/dist-packages/msgs/msg/__init__.py
-- Installing: /home/ziad/Zpicier/install/msgs/local/lib/python3.10/dist-packages/msgs/msg/_joystick_s.c
-- Installing: /home/ziad/Zpicier/install/msgs/local/lib/python3.10/dist-packages/msgs/msg/_joystick.py
-- Installing: /home/ziad/Zpicier/install/msgs/local/lib/python3.10/dist-packages/msgs/_msgs_s.ep.rosidl_typesupport_fastrtps_c.c
-- Installing: /home/ziad/Zpicier/install/msgs/local/lib/python3.10/dist-packages/msgs/_msgs_s.ep.rosidl_typesupport_introspection_c.c
-- Installing: /home/ziad/Zpicier/install/msgs/local/lib/python3.10/dist-packages/msgs/libmsgs__rosidl_generator_py.so
-- Installing: /home/ziad/Zpicier/install/msgs/local/lib/python3.10/dist-packages/msgs/_msgs_s.ep.rosidl_typesupport_c.c
-- Installing: /home/ziad/Zpicier/install/msgs/local/lib/python3.10/dist-packages/msgs/__init__.py
-- Installing: /home/ziad/Zpicier/install/msgs/local/lib/python3.10/dist-packages/msgs/msgs_s__rosidl_typesupport_introspection_c.cpython-310-x86_64-linux-gnu.so
-- Installing: /home/ziad/Zpicier/install/msgs/local/lib/python3.10/dist-packages/msgs/msgs_s__rosidl_typesupport_c.cpython-310-x86_64-linux-gnu.so
-- Installing: /home/ziad/Zpicier/install/msgs/local/lib/python3.10/dist-packages/msgs/msgs_s__rosidl_typesupport_fastrtps_c.cpython-310-x86_64-linux-gnu.so
Listing '/home/ziad/Zpicier/install/msgs/local/lib/python3.10/dist-packages/msgs'...
Compiling '/home/ziad/Zpicier/install/msgs/local/lib/python3.10/dist-packages/msgs/__init__.py'...
Listing '/home/ziad/Zpicier/install/msgs/local/lib/python3.10/dist-packages/msgs/msg'...
Compiling '/home/ziad/Zpicier/install/msgs/local/lib/python3.10/dist-packages/msgs/msg/__init__.py'...
Compiling '/home/ziad/Zpicier/install/msgs/local/lib/python3.10/dist-packages/msgs/msg/_joystick.py'...
-- Installing: /home/ziad/Zpicier/install/msgs/local/lib/python3.10/dist-packages/msgs/msgs_s__rosidl_typesupport_fastrtps_c.cpython-310-x86_64-linux-gnu.so
-- Set runtime path of "/home/ziad/Zpicier/install/msgs/local/lib/python3.10/dist-packages/msgs/msgs_s__rosidl_typesupport_fastrtps_c.cpython-310-x86_64-linux-gnu.so" to ""
-- Installing: /home/ziad/Zpicier/install/msgs/local/lib/python3.10/dist-packages/msgs/msgs_s__rosidl_typesupport_introspection_c.cpython-310-x86_64-linux-gnu.so
-- Set runtime path of "/home/ziad/Zpicier/install/msgs/local/lib/python3.10/dist-packages/msgs/msgs_s__rosidl_typesupport_introspection_c.cpython-310-x86_64-linux-gnu.so" to ""
-- Installing: /home/ziad/Zpicier/install/msgs/local/lib/python3.10/dist-packages/msgs/msgs_s__rosidl_typesupport_c.cpython-310-x86_64-linux-gnu.so
-- Set runtime path of "/home/ziad/Zpicier/install/msgs/local/lib/python3.10/dist-packages/msgs/msgs_s__rosidl_typesupport_c.cpython-310-x86_64-linux-gnu.so" to ""
-- Installing: /home/ziad/Zpicier/install/msgs/lib/libmsgs__rosidl_generator_py.so
-- Set runtime path of "/home/ziad/Zpicier/install/msgs/lib/libmsgs__rosidl_generator_py.so" to ""
-- Installing: /home/ziad/Zpicier/install/msgs/share/msgs/msg/Joystick.idl
-- Installing: /home/ziad/Zpicier/install/msgs/share/msgs/msg/Joystick.msg
-- Installing: /home/ziad/Zpicier/install/msgs/share/ament_index/resource_index/package_run_dependencies/msgs
-- Installing: /home/ziad/Zpicier/install/msgs/share/ament_index/resource_index/parent_prefix_path/msgs
-- Installing: /home/ziad/Zpicier/install/msgs/share/msgs/environment/ament_prefix_path.sh
-- Installing: /home/ziad/Zpicier/install/msgs/share/msgs/environment/ament_prefix_path.dsv
-- Installing: /home/ziad/Zpicier/install/msgs/share/msgs/environment/path.sh
-- Installing: /home/ziad/Zpicier/install/msgs/share/msgs/environment/path.dsv
-- Installing: /home/ziad/Zpicier/install/msgs/share/msgs/local_setup.bash
-- Installing: /home/ziad/Zpicier/install/msgs/share/msgs/local_setup.sh
-- Installing: /home/ziad/Zpicier/install/msgs/share/msgs/local_setup.zsh
-- Installing: /home/ziad/Zpicier/install/msgs/share/msgs/local_setup.dsv
-- Installing: /home/ziad/Zpicier/install/msgs/share/msgs/package.dsv
-- Installing: /home/ziad/Zpicier/install/msgs/share/ament_index/resource_index/packages/msgs
-- Installing: /home/ziad/Zpicier/install/msgs/share/msgs/cmake/export_msgs__rosidl_generator_cExport.cmake
-- Installing: /home/ziad/Zpicier/install/msgs/share/msgs/cmake/export_msgs__rosidl_generator_cExport-noconfig.cmake
-- Installing: /home/ziad/Zpicier/install/msgs/share/msgs/cmake/export_msgs__rosidl_typesupport_fastrtps_cExport.cmake
-- Installing: /home/ziad/Zpicier/install/msgs/share/msgs/cmake/export_msgs__rosidl_typesupport_fastrtps_cExport-noconfig.cmake
-- Installing: /home/ziad/Zpicier/install/msgs/share/msgs/cmake/msgs__rosidl_typesupport_introspection_cExport.cmake
-- Installing: /home/ziad/Zpicier/install/msgs/share/msgs/cmake/msgs__rosidl_typesupport_introspection_cExport-noconfig.cmake
-- Installing: /home/ziad/Zpicier/install/msgs/share/msgs/cmake/msgs__rosidl_typesupport_cExport.cmake
-- Installing: /home/ziad/Zpicier/install/msgs/share/msgs/cmake/msgs__rosidl_typesupport_cExport-noconfig.cmake
-- Installing: /home/ziad/Zpicier/install/msgs/share/msgs/cmake/export_msgs__rosidl_generator_cppExport.cmake
-- Installing: /home/ziad/Zpicier/install/msgs/share/msgs/cmake/export_msgs__rosidl_typesupport_fastrtps_cppExport.cmake
-- Installing: /home/ziad/Zpicier/install/msgs/share/msgs/cmake/export_msgs__rosidl_typesupport_fastrtps_cppExport-noconfig.cmake
-- Installing: /home/ziad/Zpicier/install/msgs/share/msgs/cmake/msgs__rosidl_typesupport_introspection_cppExport.cmake
-- Installing: /home/ziad/Zpicier/install/msgs/share/msgs/cmake/msgs__rosidl_typesupport_introspection_cppExport-noconfig.cmake
-- Installing: /home/ziad/Zpicier/install/msgs/share/msgs/cmake/msgs__rosidl_typesupport_cppExport.cmake
-- Installing: /home/ziad/Zpicier/install/msgs/share/msgs/cmake/msgs__rosidl_typesupport_cppExport-noconfig.cmake
-- Installing: /home/ziad/Zpicier/install/msgs/share/msgs/cmake/export_msgs__rosidl_generator_pyExport.cmake
-- Installing: /home/ziad/Zpicier/install/msgs/share/msgs/cmake/export_msgs__rosidl_generator_pyExport-noconfig.cmake
-- Installing: /home/ziad/Zpicier/install/msgs/share/msgs/cmake/rosidl_cmake-extras.cmake
-- Installing: /home/ziad/Zpicier/install/msgs/share/msgs/cmake/ament_cmake_export_include_directories-extras.cmake
-- Installing: /home/ziad/Zpicier/install/msgs/share/msgs/cmake/ament_cmake_export_libraries-extras.cmake
-- Installing: /home/ziad/Zpicier/install/msgs/share/msgs/cmake/ament_cmake_export_targets-extras.cmake
-- Installing: /home/ziad/Zpicier/install/msgs/share/msgs/cmake/rosidl_cmake_export_typesupport_targets-extras.cmake
-- Installing: /home/ziad/Zpicier/install/msgs/share/msgs/cmake/ament_cmake_export_dependencies-extras.cmake
-- Installing: /home/ziad/Zpicier/install/msgs/share/msgs/cmake/rosidl_cmake_export_typesupport_libraries-extras.cmake
-- Installing: /home/ziad/Zpicier/install/msgs/share/msgs/cmake/msgsConfig.cmake
-- Installing: /home/ziad/Zpicier/install/msgs/share/msgs/cmake/msgsConfig-version.cmake
-- Installing: /home/ziad/Zpicier/install/msgs/share/msgs/package.xml
