/home/ziad/Zpicier/install/control/lib/python3.10/site-packages/core/Dispatcher.py
/home/ziad/Zpicier/install/control/lib/python3.10/site-packages/core/__init__.py
/home/ziad/Zpicier/install/control/lib/python3.10/site-packages/simulation_services/SimIMU.py
/home/ziad/Zpicier/install/control/lib/python3.10/site-packages/simulation_services/__init__.py
/home/ziad/Zpicier/install/control/lib/python3.10/site-packages/simulation_services/SIMDepth.py
/home/ziad/Zpicier/install/control/lib/python3.10/site-packages/services/Depth.py
/home/ziad/Zpicier/install/control/lib/python3.10/site-packages/services/IMU.py
/home/ziad/Zpicier/install/control/lib/python3.10/site-packages/services/__init__.py
/home/ziad/Zpicier/install/control/lib/python3.10/site-packages/nodes/GUIStreamingNode.py
/home/ziad/Zpicier/install/control/lib/python3.10/site-packages/nodes/ DepthNode.py
/home/ziad/Zpicier/install/control/lib/python3.10/site-packages/nodes/__init__.py
/home/ziad/Zpicier/install/control/lib/python3.10/site-packages/nodes/IMUNode.py
/home/ziad/Zpicier/install/control/lib/python3.10/site-packages/nodes/JoystickNode.py
/home/ziad/Zpicier/install/control/lib/python3.10/site-packages/interfaces/IBNO085.py
/home/ziad/Zpicier/install/control/lib/python3.10/site-packages/interfaces/__init__.py
/home/ziad/Zpicier/install/control/lib/python3.10/site-packages/interfaces/IDepthSensor.py
/home/ziad/Zpicier/install/control/lib/python3.10/site-packages/data_contracts/depth_pb2_grpc.py
/home/ziad/Zpicier/install/control/lib/python3.10/site-packages/data_contracts/depth_pb2.py
/home/ziad/Zpicier/install/control/lib/python3.10/site-packages/data_contracts/imu_pb2_grpc.py
/home/ziad/Zpicier/install/control/lib/python3.10/site-packages/data_contracts/__init__.py
/home/ziad/Zpicier/install/control/lib/python3.10/site-packages/data_contracts/joy_pb2.py
/home/ziad/Zpicier/install/control/lib/python3.10/site-packages/data_contracts/imu_pb2.py
/home/ziad/Zpicier/install/control/lib/python3.10/site-packages/data_contracts/joy_pb2_grpc.py
/home/ziad/Zpicier/install/control/lib/python3.10/site-packages/core/__pycache__/Dispatcher.cpython-310.pyc
/home/ziad/Zpicier/install/control/lib/python3.10/site-packages/core/__pycache__/__init__.cpython-310.pyc
/home/ziad/Zpicier/install/control/lib/python3.10/site-packages/simulation_services/__pycache__/SimIMU.cpython-310.pyc
/home/ziad/Zpicier/install/control/lib/python3.10/site-packages/simulation_services/__pycache__/__init__.cpython-310.pyc
/home/ziad/Zpicier/install/control/lib/python3.10/site-packages/simulation_services/__pycache__/SIMDepth.cpython-310.pyc
/home/ziad/Zpicier/install/control/lib/python3.10/site-packages/services/__pycache__/Depth.cpython-310.pyc
/home/ziad/Zpicier/install/control/lib/python3.10/site-packages/services/__pycache__/IMU.cpython-310.pyc
/home/ziad/Zpicier/install/control/lib/python3.10/site-packages/services/__pycache__/__init__.cpython-310.pyc
/home/ziad/Zpicier/install/control/lib/python3.10/site-packages/nodes/__pycache__/GUIStreamingNode.cpython-310.pyc
/home/ziad/Zpicier/install/control/lib/python3.10/site-packages/nodes/__pycache__/ DepthNode.cpython-310.pyc
/home/ziad/Zpicier/install/control/lib/python3.10/site-packages/nodes/__pycache__/__init__.cpython-310.pyc
/home/ziad/Zpicier/install/control/lib/python3.10/site-packages/nodes/__pycache__/IMUNode.cpython-310.pyc
/home/ziad/Zpicier/install/control/lib/python3.10/site-packages/nodes/__pycache__/JoystickNode.cpython-310.pyc
/home/ziad/Zpicier/install/control/lib/python3.10/site-packages/interfaces/__pycache__/IBNO085.cpython-310.pyc
/home/ziad/Zpicier/install/control/lib/python3.10/site-packages/interfaces/__pycache__/__init__.cpython-310.pyc
/home/ziad/Zpicier/install/control/lib/python3.10/site-packages/interfaces/__pycache__/IDepthSensor.cpython-310.pyc
/home/ziad/Zpicier/install/control/lib/python3.10/site-packages/data_contracts/__pycache__/depth_pb2_grpc.cpython-310.pyc
/home/ziad/Zpicier/install/control/lib/python3.10/site-packages/data_contracts/__pycache__/depth_pb2.cpython-310.pyc
/home/ziad/Zpicier/install/control/lib/python3.10/site-packages/data_contracts/__pycache__/imu_pb2_grpc.cpython-310.pyc
/home/ziad/Zpicier/install/control/lib/python3.10/site-packages/data_contracts/__pycache__/__init__.cpython-310.pyc
/home/ziad/Zpicier/install/control/lib/python3.10/site-packages/data_contracts/__pycache__/joy_pb2.cpython-310.pyc
/home/ziad/Zpicier/install/control/lib/python3.10/site-packages/data_contracts/__pycache__/imu_pb2.cpython-310.pyc
/home/ziad/Zpicier/install/control/lib/python3.10/site-packages/data_contracts/__pycache__/joy_pb2_grpc.cpython-310.pyc
/home/ziad/Zpicier/install/control/share/ament_index/resource_index/packages/control
/home/ziad/Zpicier/install/control/share/control/package.xml
/home/ziad/Zpicier/install/control/share/control/launch/run.py
/home/ziad/Zpicier/install/control/lib/python3.10/site-packages/control-0.0.0-py3.10.egg-info/zip-safe
/home/ziad/Zpicier/install/control/lib/python3.10/site-packages/control-0.0.0-py3.10.egg-info/PKG-INFO
/home/ziad/Zpicier/install/control/lib/python3.10/site-packages/control-0.0.0-py3.10.egg-info/SOURCES.txt
/home/ziad/Zpicier/install/control/lib/python3.10/site-packages/control-0.0.0-py3.10.egg-info/entry_points.txt
/home/ziad/Zpicier/install/control/lib/python3.10/site-packages/control-0.0.0-py3.10.egg-info/requires.txt
/home/ziad/Zpicier/install/control/lib/python3.10/site-packages/control-0.0.0-py3.10.egg-info/top_level.txt
/home/ziad/Zpicier/install/control/lib/python3.10/site-packages/control-0.0.0-py3.10.egg-info/dependency_links.txt
/home/ziad/Zpicier/install/control/lib/control/depth_node
/home/ziad/Zpicier/install/control/lib/control/gui_streamer
/home/ziad/Zpicier/install/control/lib/control/imu_node
/home/ziad/Zpicier/install/control/lib/control/joystick_channel_node
